2025/05/07 10:41:48 DFAST pipeline started. (version 1.2.16)
2025/05/07 10:41:48 Results will be generated into 'dfast_output'.
2025/05/07 10:41:48 Loading a genomic fasta file from spadesout/scaffolds.fasta
2025/05/07 10:41:48 Genome source information: organism=, strain=
2025/05/07 10:41:48 The query genome is treated as a draft genome with 142 sequences.
2025/05/07 10:41:48 Sequences are sorted by length (from longer to shorter).
2025/05/07 10:41:48 Sequences shorter than 200 will be eliminated.
2025/05/07 10:41:48 Sequences will be renamed as sequence001, sequence002...
2025/05/07 10:41:48 Locus_tag settings: locus_tag_prefix=LOCUS and step=10.
2025/05/07 10:41:48 Locus_tags are assigned separately to each feature type. e.g. CDS: LOCUS_000xx, rRNA: LOCUS_r000xx, tRNA: LOCUS_t000xx, tmRNA: LOCUS_tm000xx.
2025/05/07 10:41:48 Remove_Partial_Feature is enabled.
2025/05/07 10:41:48 Remove_Overlapping_Feature is enabled. Priority: ['assembly_gap', 'CRISPR', ('tmRNA', 'tRNA', 'rRNA'), 'CDS']
2025/05/07 10:41:48 Initializing structural annotation tools... 
2025/05/07 10:41:48 GAPannotator initialized. (Version 1.0)
2025/05/07 10:41:48 Setting GAPannotator options. {'len_cutoff': 5, 'linkage_evidence': 'paired-ends', 'gap_type': 'within scaffold'}
2025/05/07 10:41:48 Checking MetaGeneAnnotator... 
2025/05/07 10:41:48 MetaGeneAnnotator initialized. (Version 2008/08/19)
2025/05/07 10:41:48 Setting MetaGeneAnnotator options. {'cmd_options': '-s', 'transl_table': 11}
2025/05/07 10:41:48 Checking Aragorn version... 
2025/05/07 10:41:48 Aragorn initialized. (Version 1.2.41)
2025/05/07 10:41:48 Setting Aragorn options. {'gcode': '-gcbact', 'cmd_options': '-l', 'transl_table': 11}
2025/05/07 10:41:48 Checking Barrnap version... 
2025/05/07 10:41:49 Barrnap initialized. (Version 0.9)
2025/05/07 10:41:49 Checking CRT version... 
2025/05/07 10:41:49 CRT initialized. (Version 1.2)
2025/05/07 10:41:49 Setting CRT options. {'jar_file': '/home/luis/miniconda3/envs/genomeanalysis/opt/dfast-1.2.16/bin/common/CRT1.2-CLI.jar', 'java_options': '', 'cmd_options': ''}
2025/05/07 10:41:49 Checking Java version... 
2025/05/07 10:41:49 Java initialized. (Version 11.0.9.1-internal)
2025/05/07 10:41:49 Initializing annotation components... 
2025/05/07 10:41:49 DBsearch initialized.
2025/05/07 10:41:49 Setting DBsearch options. {'skipAnnotatedFeatures': True, 'evalue_cutoff': 1e-06, 'qcov_cutoff': 75, 'scov_cutoff': 75, 'pident_cutoff': 0, 'aligner': 'ghostx', 'aligner_options': {}, 'database': '/home/luis/miniconda3/envs/genomeanalysis/opt/dfast-1.2.16/db/protein/DFAST-default.ref', 'db_name': ''}
2025/05/07 10:41:49 Checking GHOSTX version... 
2025/05/07 10:41:49 GHOSTX initialized. (Version 1.3.6)
2025/05/07 10:41:49 Reference file (/home/luis/miniconda3/envs/genomeanalysis/opt/dfast-1.2.16/db/protein/DFAST-default.ref) does not exist. Aborting...
