/home/luis/miniconda3/envs/genomeanalysis/bin/quast spadesout/scaffolds.fasta -o quastspades

Version: 5.3.0

System information:
  OS: Linux-5.15.167.4-microsoft-standard-WSL2-x86_64-with-glibc2.39 (linux_64)
  Python version: 3.10.16
  CPUs number: 16

Started: 2025-05-07 09:42:58

Logging to /mnt/c/Users/Luis/Desktop/FinalGenomeReport/quastspades/quast.log
NOTICE: Maximum number of threads is set to 4 (use --threads option to set it manually)

CWD: /mnt/c/Users/Luis/Desktop/FinalGenomeReport
Main parameters: 
  MODE: default, threads: 4, min contig length: 500, min alignment length: 65, min alignment IDY: 95.0, \
  ambiguity: one, min local misassembly length: 200, min extensive misassembly length: 1000

Contigs:
  Pre-processing...
  spadesout/scaffolds.fasta ==> scaffolds

2025-05-07 09:42:59
Running Basic statistics processor...
  Contig files: 
    scaffolds
  Calculating N50 and L50...
    scaffolds, N50 = 88099, L50 = 9, auN = 92894.2, Total length = 2126697, GC % = 51.63, # N's per 100 kbp =  47.49
  Drawing Nx plot...
    saved to /mnt/c/Users/Luis/Desktop/FinalGenomeReport/quastspades/basic_stats/Nx_plot.pdf
  Drawing cumulative plot...
    saved to /mnt/c/Users/Luis/Desktop/FinalGenomeReport/quastspades/basic_stats/cumulative_plot.pdf
  Drawing GC content plot...
    saved to /mnt/c/Users/Luis/Desktop/FinalGenomeReport/quastspades/basic_stats/GC_content_plot.pdf
  Drawing scaffolds GC content plot...
    saved to /mnt/c/Users/Luis/Desktop/FinalGenomeReport/quastspades/basic_stats/scaffolds_GC_content_plot.pdf
  Drawing Coverage histogram (bin size: 2x)...
    saved to /mnt/c/Users/Luis/Desktop/FinalGenomeReport/quastspades/basic_stats/coverage_histogram.pdf
  Drawing scaffolds coverage histogram (bin size: 2x)...
    saved to /mnt/c/Users/Luis/Desktop/FinalGenomeReport/quastspades/basic_stats/scaffolds_coverage_histogram.pdf
Done.

NOTICE: Genes are not predicted by default. Use --gene-finding or --glimmer option to enable it.

2025-05-07 09:43:04
Creating large visual summaries...
This may take a while: press Ctrl-C to skip this step..
  1 of 2: Creating PDF with all tables and plots...
  2 of 2: Creating Icarus viewers...
Done

2025-05-07 09:43:05
RESULTS:
  Text versions of total report are saved to /mnt/c/Users/Luis/Desktop/FinalGenomeReport/quastspades/report.txt, report.tsv, and report.tex
  Text versions of transposed total report are saved to /mnt/c/Users/Luis/Desktop/FinalGenomeReport/quastspades/transposed_report.txt, transposed_report.tsv, and transposed_report.tex
  HTML version (interactive tables and plots) is saved to /mnt/c/Users/Luis/Desktop/FinalGenomeReport/quastspades/report.html
  PDF version (tables and plots) is saved to /mnt/c/Users/Luis/Desktop/FinalGenomeReport/quastspades/report.pdf
  Icarus (contig browser) is saved to /mnt/c/Users/Luis/Desktop/FinalGenomeReport/quastspades/icarus.html
  Log is saved to /mnt/c/Users/Luis/Desktop/FinalGenomeReport/quastspades/quast.log

Finished: 2025-05-07 09:43:06
Elapsed time: 0:00:08.754190
NOTICEs: 2; WARNINGs: 1; non-fatal ERRORs: 0

Thank you for using QUAST!
